# JRE version: OpenJDK Runtime Environment (8.0_232-b09) (build 1.8.0_232-8u232-b09-0ubuntu1~18.04.1-b09)
# Java VM: OpenJDK 64-Bit Server VM (25.232-b09 mixed mode linux-amd64 compressed oops)
Heap:
 PSYoungGen      total 2465280K, used 14068K [0x0000000700000000, 0x000000079a400000, 0x00000007c0000000)
  eden space 2403328K, 0% used [0x0000000700000000,0x0000000700000000,0x0000000792b00000)
  from space 61952K, 22% used [0x0000000792b00000,0x00000007938bd188,0x0000000796780000)
  to   space 37888K, 0% used [0x0000000797f00000,0x0000000797f00000,0x000000079a400000)
 ParOldGen       total 395264K, used 266854K [0x0000000580000000, 0x0000000598200000, 0x0000000700000000)
  object space 395264K, 67% used [0x0000000580000000,0x0000000590499828,0x0000000598200000)
 Metaspace       used 109435K, capacity 116310K, committed 116684K, reserved 1150976K
  class space    used 13663K, capacity 15507K, committed 15872K, reserved 1048576K
GC Heap History (10 events):
Event: 430,767 GC heap after
Heap after GC invocations=58 (full 5):
 PSYoungGen      total 1854976K, used 35548K [0x0000000700000000, 0x0000000785b80000, 0x00000007c0000000)
  eden space 1794048K, 0% used [0x0000000700000000,0x0000000700000000,0x000000076d800000)
  from space 60928K, 58% used [0x000000076d800000,0x000000076fab7330,0x0000000771380000)
  to   space 61952K, 0% used [0x0000000781f00000,0x0000000781f00000,0x0000000785b80000)
 ParOldGen       total 350208K, used 317865K [0x0000000580000000, 0x0000000595600000, 0x0000000700000000)
  object space 350208K, 90% used [0x0000000580000000,0x000000059366a678,0x0000000595600000)
 Metaspace       used 107391K, capacity 114016K, committed 114508K, reserved 1148928K
  class space    used 13484K, capacity 15296K, committed 15744K, reserved 1048576K
}
Event: 440,187 GC heap before
{Heap before GC invocations=59 (full 5):
 PSYoungGen      total 1854976K, used 1829596K [0x0000000700000000, 0x0000000785b80000, 0x00000007c0000000)
  eden space 1794048K, 100% used [0x0000000700000000,0x000000076d800000,0x000000076d800000)
  from space 60928K, 58% used [0x000000076d800000,0x000000076fab7330,0x0000000771380000)
  to   space 61952K, 0% used [0x0000000781f00000,0x0000000781f00000,0x0000000785b80000)
 ParOldGen       total 350208K, used 317865K [0x0000000580000000, 0x0000000595600000, 0x0000000700000000)
  object space 350208K, 90% used [0x0000000580000000,0x000000059366a678,0x0000000595600000)
 Metaspace       used 107519K, capacity 114194K, committed 114764K, reserved 1148928K
  class space    used 13492K, capacity 15305K, committed 15744K, reserved 1048576K
Event: 440,255 GC heap after
Heap after GC invocations=59 (full 5):
 PSYoungGen      total 2097152K, used 33274K [0x0000000700000000, 0x0000000784b80000, 0x00000007c0000000)
  eden space 2051584K, 0% used [0x0000000700000000,0x0000000700000000,0x000000077d380000)
  from space 45568K, 73% used [0x0000000781f00000,0x0000000783f7e908,0x0000000784b80000)
  to   space 61440K, 0% used [0x000000077d380000,0x000000077d380000,0x0000000780f80000)
 ParOldGen       total 350208K, used 323430K [0x0000000580000000, 0x0000000595600000, 0x0000000700000000)
  object space 350208K, 92% used [0x0000000580000000,0x0000000593bd9a58,0x0000000595600000)
 Metaspace       used 107519K, capacity 114194K, committed 114764K, reserved 1148928K
  class space    used 13492K, capacity 15305K, committed 15744K, reserved 1048576K
}
Event: 448,308 GC heap before
{Heap before GC invocations=60 (full 5):
 PSYoungGen      total 2097152K, used 2084858K [0x0000000700000000, 0x0000000784b80000, 0x00000007c0000000)
  eden space 2051584K, 100% used [0x0000000700000000,0x000000077d380000,0x000000077d380000)
  from space 45568K, 73% used [0x0000000781f00000,0x0000000783f7e908,0x0000000784b80000)
  to   space 61440K, 0% used [0x000000077d380000,0x000000077d380000,0x0000000780f80000)
 ParOldGen       total 350208K, used 323430K [0x0000000580000000, 0x0000000595600000, 0x0000000700000000)
  object space 350208K, 92% used [0x0000000580000000,0x0000000593bd9a58,0x0000000595600000)
 Metaspace       used 107539K, capacity 114194K, committed 114764K, reserved 1148928K
  class space    used 13494K, capacity 15305K, committed 15744K, reserved 1048576K
Event: 450,175 GC heap after
Heap after GC invocations=60 (full 5):
 PSYoungGen      total 2113024K, used 42314K [0x0000000700000000, 0x000000079bd80000, 0x00000007c0000000)
  eden space 2051584K, 0% used [0x0000000700000000,0x0000000700000000,0x000000077d380000)
  from space 61440K, 68% used [0x000000077d380000,0x000000077fcd2a90,0x0000000780f80000)
  to   space 64000K, 0% used [0x0000000797f00000,0x0000000797f00000,0x000000079bd80000)
 ParOldGen       total 350208K, used 328542K [0x0000000580000000, 0x0000000595600000, 0x0000000700000000)
  object space 350208K, 93% used [0x0000000580000000,0x00000005940d7840,0x0000000595600000)
 Metaspace       used 107539K, capacity 114194K, committed 114764K, reserved 1148928K
  class space    used 13494K, capacity 15305K, committed 15744K, reserved 1048576K
}
Event: 450,184 GC heap before
{Heap before GC invocations=61 (full 6):
 PSYoungGen      total 2113024K, used 42314K [0x0000000700000000, 0x000000079bd80000, 0x00000007c0000000)
  eden space 2051584K, 0% used [0x0000000700000000,0x0000000700000000,0x000000077d380000)
  from space 61440K, 68% used [0x000000077d380000,0x000000077fcd2a90,0x0000000780f80000)
  to   space 64000K, 0% used [0x0000000797f00000,0x0000000797f00000,0x000000079bd80000)
 ParOldGen       total 350208K, used 328542K [0x0000000580000000, 0x0000000595600000, 0x0000000700000000)
  object space 350208K, 93% used [0x0000000580000000,0x00000005940d7840,0x0000000595600000)
 Metaspace       used 107539K, capacity 114194K, committed 114764K, reserved 1148928K
  class space    used 13494K, capacity 15305K, committed 15744K, reserved 1048576K
Event: 451,138 GC heap after
Heap after GC invocations=61 (full 6):
 PSYoungGen      total 2113024K, used 0K [0x0000000700000000, 0x000000079bd80000, 0x00000007c0000000)
  eden space 2051584K, 0% used [0x0000000700000000,0x0000000700000000,0x000000077d380000)
  from space 61440K, 0% used [0x000000077d380000,0x000000077d380000,0x0000000780f80000)
  to   space 64000K, 0% used [0x0000000797f00000,0x0000000797f00000,0x000000079bd80000)
 ParOldGen       total 395264K, used 252236K [0x0000000580000000, 0x0000000598200000, 0x0000000700000000)
  object space 395264K, 63% used [0x0000000580000000,0x000000058f653338,0x0000000598200000)
 Metaspace       used 107539K, capacity 114194K, committed 114764K, reserved 1148928K
  class space    used 13494K, capacity 15305K, committed 15744K, reserved 1048576K
}
Event: 484,017 GC heap before
{Heap before GC invocations=62 (full 6):
 PSYoungGen      total 2113024K, used 2051584K [0x0000000700000000, 0x000000079bd80000, 0x00000007c0000000)
  eden space 2051584K, 100% used [0x0000000700000000,0x000000077d380000,0x000000077d380000)
  from space 61440K, 0% used [0x000000077d380000,0x000000077d380000,0x0000000780f80000)
  to   space 64000K, 0% used [0x0000000797f00000,0x0000000797f00000,0x000000079bd80000)
 ParOldGen       total 395264K, used 252236K [0x0000000580000000, 0x0000000598200000, 0x0000000700000000)
  object space 395264K, 63% used [0x0000000580000000,0x000000058f653338,0x0000000598200000)
 Metaspace       used 108387K, capacity 115200K, committed 115788K, reserved 1148928K
  class space    used 13564K, capacity 15410K, committed 15744K, reserved 1048576K
Event: 484,044 GC heap after
Heap after GC invocations=62 (full 6):
 PSYoungGen      total 2441216K, used 17675K [0x0000000700000000, 0x000000079a400000, 0x00000007c0000000)
  eden space 2403328K, 0% used [0x0000000700000000,0x0000000700000000,0x0000000792b00000)
  from space 37888K, 46% used [0x0000000797f00000,0x0000000799042d98,0x000000079a400000)
  to   space 61952K, 0% used [0x0000000792b00000,0x0000000792b00000,0x0000000796780000)
 ParOldGen       total 395264K, used 252244K [0x0000000580000000, 0x0000000598200000, 0x0000000700000000)
  object space 395264K, 63% used [0x0000000580000000,0x000000058f655338,0x0000000598200000)
 Metaspace       used 108387K, capacity 115200K, committed 115788K, reserved 1148928K
  class space    used 13564K, capacity 15410K, committed 15744K, reserved 1048576K
}
Event: 513,716 GC heap before
{Heap before GC invocations=63 (full 6):
 PSYoungGen      total 2441216K, used 2420714K [0x0000000700000000, 0x000000079a400000, 0x00000007c0000000)
  eden space 2403328K, 99% used [0x0000000700000000,0x0000000792ab7a90,0x0000000792b00000)
  from space 37888K, 46% used [0x0000000797f00000,0x0000000799042d98,0x000000079a400000)
  to   space 61952K, 0% used [0x0000000792b00000,0x0000000792b00000,0x0000000796780000)
 ParOldGen       total 395264K, used 252244K [0x0000000580000000, 0x0000000598200000, 0x0000000700000000)
  object space 395264K, 63% used [0x0000000580000000,0x000000058f655338,0x0000000598200000)
 Metaspace       used 109435K, capacity 116310K, committed 116684K, reserved 1150976K
  class space    used 13663K, capacity 15507K, committed 15872K, reserved 1048576K

