# JRE version: OpenJDK Runtime Environment (8.0_232-b09) (build 1.8.0_232-8u232-b09-0ubuntu1~18.04.1-b09)
# Java VM: OpenJDK 64-Bit Server VM (25.232-b09 mixed mode linux-amd64 compressed oops)
Heap:
 PSYoungGen      total 1336320K, used 215029K [0x0000000700000000, 0x0000000762f80000, 0x00000007c0000000)
  eden space 1121280K, 0% used [0x0000000700000000,0x0000000700000000,0x0000000744700000)
  from space 215040K, 99% used [0x0000000744700000,0x00000007518fd528,0x0000000751900000)
  to   space 178176K, 0% used [0x0000000751900000,0x0000000751900000,0x000000075c700000)
 ParOldGen       total 831488K, used 610314K [0x0000000580000000, 0x00000005b2c00000, 0x0000000700000000)
  object space 831488K, 73% used [0x0000000580000000,0x00000005a5402930,0x00000005b2c00000)
 Metaspace       used 103554K, capacity 110570K, committed 110680K, reserved 1144832K
  class space    used 13724K, capacity 15718K, committed 15744K, reserved 1048576K
GC Heap History (10 events):
Event: 92,722 GC heap after
Heap after GC invocations=32 (full 6):
 PSYoungGen      total 1145344K, used 7540K [0x0000000700000000, 0x0000000754700000, 0x00000007c0000000)
  eden space 953344K, 0% used [0x0000000700000000,0x0000000700000000,0x000000073a300000)
  from space 192000K, 3% used [0x0000000748b80000,0x00000007492dd1d0,0x0000000754700000)
  to   space 215040K, 0% used [0x000000073a300000,0x000000073a300000,0x0000000747500000)
 ParOldGen       total 831488K, used 541212K [0x0000000580000000, 0x00000005b2c00000, 0x0000000700000000)
  object space 831488K, 65% used [0x0000000580000000,0x00000005a1087358,0x00000005b2c00000)
 Metaspace       used 93364K, capacity 99806K, committed 100056K, reserved 1134592K
  class space    used 12554K, capacity 14470K, committed 14592K, reserved 1048576K
}
Event: 96,653 GC heap before
{Heap before GC invocations=33 (full 6):
 PSYoungGen      total 1145344K, used 960884K [0x0000000700000000, 0x0000000754700000, 0x00000007c0000000)
  eden space 953344K, 100% used [0x0000000700000000,0x000000073a300000,0x000000073a300000)
  from space 192000K, 3% used [0x0000000748b80000,0x00000007492dd1d0,0x0000000754700000)
  to   space 215040K, 0% used [0x000000073a300000,0x000000073a300000,0x0000000747500000)
 ParOldGen       total 831488K, used 541212K [0x0000000580000000, 0x00000005b2c00000, 0x0000000700000000)
  object space 831488K, 65% used [0x0000000580000000,0x00000005a1087358,0x00000005b2c00000)
 Metaspace       used 93553K, capacity 99998K, committed 100312K, reserved 1134592K
  class space    used 12576K, capacity 14470K, committed 14592K, reserved 1048576K
Event: 96,732 GC heap after
Heap after GC invocations=33 (full 6):
 PSYoungGen      total 1168384K, used 28973K [0x0000000700000000, 0x000000075a680000, 0x00000007c0000000)
  eden space 953344K, 0% used [0x0000000700000000,0x0000000700000000,0x000000073a300000)
  from space 215040K, 13% used [0x000000073a300000,0x000000073bf4b7f0,0x0000000747500000)
  to   space 204800K, 0% used [0x000000074de80000,0x000000074de80000,0x000000075a680000)
 ParOldGen       total 831488K, used 541212K [0x0000000580000000, 0x00000005b2c00000, 0x0000000700000000)
  object space 831488K, 65% used [0x0000000580000000,0x00000005a1087358,0x00000005b2c00000)
 Metaspace       used 93553K, capacity 99998K, committed 100312K, reserved 1134592K
  class space    used 12576K, capacity 14470K, committed 14592K, reserved 1048576K
}
Event: 103,350 GC heap before
{Heap before GC invocations=34 (full 6):
 PSYoungGen      total 1168384K, used 982317K [0x0000000700000000, 0x000000075a680000, 0x00000007c0000000)
  eden space 953344K, 100% used [0x0000000700000000,0x000000073a300000,0x000000073a300000)
  from space 215040K, 13% used [0x000000073a300000,0x000000073bf4b7f0,0x0000000747500000)
  to   space 204800K, 0% used [0x000000074de80000,0x000000074de80000,0x000000075a680000)
 ParOldGen       total 831488K, used 541212K [0x0000000580000000, 0x00000005b2c00000, 0x0000000700000000)
  object space 831488K, 65% used [0x0000000580000000,0x00000005a1087358,0x00000005b2c00000)
 Metaspace       used 93731K, capacity 100158K, committed 100568K, reserved 1134592K
  class space    used 12591K, capacity 14502K, committed 14592K, reserved 1048576K
Event: 103,422 GC heap after
Heap after GC invocations=34 (full 6):
 PSYoungGen      total 1221120K, used 47856K [0x0000000700000000, 0x0000000757e80000, 0x00000007c0000000)
  eden space 1057280K, 0% used [0x0000000700000000,0x0000000700000000,0x0000000740880000)
  from space 163840K, 29% used [0x000000074de80000,0x0000000750d3c220,0x0000000757e80000)
  to   space 191488K, 0% used [0x0000000740880000,0x0000000740880000,0x000000074c380000)
 ParOldGen       total 831488K, used 541220K [0x0000000580000000, 0x00000005b2c00000, 0x0000000700000000)
  object space 831488K, 65% used [0x0000000580000000,0x00000005a1089358,0x00000005b2c00000)
 Metaspace       used 93731K, capacity 100158K, committed 100568K, reserved 1134592K
  class space    used 12591K, capacity 14502K, committed 14592K, reserved 1048576K
}
Event: 111,426 GC heap before
{Heap before GC invocations=35 (full 6):
 PSYoungGen      total 1221120K, used 1105136K [0x0000000700000000, 0x0000000757e80000, 0x00000007c0000000)
  eden space 1057280K, 100% used [0x0000000700000000,0x0000000740880000,0x0000000740880000)
  from space 163840K, 29% used [0x000000074de80000,0x0000000750d3c220,0x0000000757e80000)
  to   space 191488K, 0% used [0x0000000740880000,0x0000000740880000,0x000000074c380000)
 ParOldGen       total 831488K, used 541220K [0x0000000580000000, 0x00000005b2c00000, 0x0000000700000000)
  object space 831488K, 65% used [0x0000000580000000,0x00000005a1089358,0x00000005b2c00000)
 Metaspace       used 94054K, capacity 100510K, committed 100824K, reserved 1136640K
  class space    used 12633K, capacity 14534K, committed 14592K, reserved 1048576K
Event: 111,509 GC heap after
Heap after GC invocations=35 (full 6):
 PSYoungGen      total 1248768K, used 52528K [0x0000000700000000, 0x000000075c700000, 0x00000007c0000000)
  eden space 1057280K, 0% used [0x0000000700000000,0x0000000700000000,0x0000000740880000)
  from space 191488K, 27% used [0x0000000740880000,0x0000000743bcc188,0x000000074c380000)
  to   space 178176K, 0% used [0x0000000751900000,0x0000000751900000,0x000000075c700000)
 ParOldGen       total 831488K, used 541220K [0x0000000580000000, 0x00000005b2c00000, 0x0000000700000000)
  object space 831488K, 65% used [0x0000000580000000,0x00000005a1089358,0x00000005b2c00000)
 Metaspace       used 94054K, capacity 100510K, committed 100824K, reserved 1136640K
  class space    used 12633K, capacity 14534K, committed 14592K, reserved 1048576K
}
Event: 117,128 GC heap before
{Heap before GC invocations=36 (full 6):
 PSYoungGen      total 1248768K, used 1109808K [0x0000000700000000, 0x000000075c700000, 0x00000007c0000000)
  eden space 1057280K, 100% used [0x0000000700000000,0x0000000740880000,0x0000000740880000)
  from space 191488K, 27% used [0x0000000740880000,0x0000000743bcc188,0x000000074c380000)
  to   space 178176K, 0% used [0x0000000751900000,0x0000000751900000,0x000000075c700000)
 ParOldGen       total 831488K, used 541220K [0x0000000580000000, 0x00000005b2c00000, 0x0000000700000000)
  object space 831488K, 65% used [0x0000000580000000,0x00000005a1089358,0x00000005b2c00000)
 Metaspace       used 95074K, capacity 101692K, committed 101720K, reserved 1136640K
  class space    used 12755K, capacity 14709K, committed 14720K, reserved 1048576K
Event: 117,778 GC heap after
Heap after GC invocations=36 (full 6):
 PSYoungGen      total 1299456K, used 178156K [0x0000000700000000, 0x0000000762f80000, 0x00000007c0000000)
  eden space 1121280K, 0% used [0x0000000700000000,0x0000000700000000,0x0000000744700000)
  from space 178176K, 99% used [0x0000000751900000,0x000000075c6fb0e0,0x000000075c700000)
  to   space 215040K, 0% used [0x0000000744700000,0x0000000744700000,0x0000000751900000)
 ParOldGen       total 831488K, used 550186K [0x0000000580000000, 0x00000005b2c00000, 0x0000000700000000)
  object space 831488K, 66% used [0x0000000580000000,0x00000005a194abf8,0x00000005b2c00000)
 Metaspace       used 95074K, capacity 101692K, committed 101720K, reserved 1136640K
  class space    used 12755K, capacity 14709K, committed 14720K, reserved 1048576K
}
Event: 127,833 GC heap before
{Heap before GC invocations=37 (full 6):
 PSYoungGen      total 1299456K, used 1299436K [0x0000000700000000, 0x0000000762f80000, 0x00000007c0000000)
  eden space 1121280K, 100% used [0x0000000700000000,0x0000000744700000,0x0000000744700000)
  from space 178176K, 99% used [0x0000000751900000,0x000000075c6fb0e0,0x000000075c700000)
  to   space 215040K, 0% used [0x0000000744700000,0x0000000744700000,0x0000000751900000)
 ParOldGen       total 831488K, used 550186K [0x0000000580000000, 0x00000005b2c00000, 0x0000000700000000)
  object space 831488K, 66% used [0x0000000580000000,0x00000005a194abf8,0x00000005b2c00000)
 Metaspace       used 103554K, capacity 110570K, committed 110680K, reserved 1144832K
  class space    used 13724K, capacity 15718K, committed 15744K, reserved 1048576K

